<?xml version="1.0" encoding="UTF-8"?>
<testsuite name="com.moodanalyser.MoodAnalyser" tests="1" skipped="0" failures="0" errors="0" timestamp="2019-11-22T07:10:04" hostname="FH400" time="0.003">
  <properties/>
  <testcase name="givenMessage_whenSad_shouldReturnSad" classname="com.moodanalyser.MoodAnalyser" time="0.003"/>
  <system-out><![CDATA[]]></system-out>
  <system-err><![CDATA[]]></system-err>
</testsuite>
