<?xml version="1.0" encoding="UTF-8"?>
<testsuite name="com.moodanalyser.MoodAnanlyserTests" tests="1" skipped="0" failures="0" errors="0" timestamp="2019-11-25T06:29:28" hostname="FH400" time="0.004">
  <properties/>
  <testcase name="givenMessage_whenSad_shouldReturnSad" classname="com.moodanalyser.MoodAnanlyserTests" time="0.004"/>
  <system-out><![CDATA[]]></system-out>
  <system-err><![CDATA[]]></system-err>
</testsuite>
